SF:lib\emphasize.dart
DA:10,1
DA:17,1
DA:18,1
DA:24,1
DA:25,2
DA:46,0
DA:48,0
DA:49,0
DA:50,0
DA:51,0
DA:54,0
DA:55,0
DA:56,0
DA:57,0
DA:58,0
DA:59,0
DA:60,0
LF:17
LH:5
end_of_record
SF:lib\utils.dart
DA:9,1
DA:10,3
DA:12,1
DA:13,3
DA:15,2
DA:18,1
DA:27,1
DA:32,3
DA:33,1
DA:40,0
DA:41,0
DA:43,1
DA:44,3
DA:47,1
DA:49,2
DA:50,2
DA:52,1
DA:54,2
DA:55,3
DA:57,3
DA:68,1
DA:69,1
DA:73,1
DA:81,2
DA:82,4
DA:84,1
DA:85,1
DA:89,3
DA:90,1
DA:94,3
DA:95,1
DA:105,1
DA:111,3
DA:117,1
DA:118,1
DA:119,1
DA:121,2
DA:122,2
DA:124,4
DA:126,1
DA:128,2
DA:136,0
DA:143,0
DA:145,0
DA:146,0
DA:148,0
DA:149,0
DA:150,0
DA:151,0
DA:154,0
DA:158,0
DA:159,0
LF:52
LH:39
end_of_record
SF:lib\word_marker.dart
DA:1,4
DA:7,5
DA:12,1
DA:14,3
LF:4
LH:4
end_of_record
