SF:lib\emphasize.dart
DA:10,1
DA:15,1
DA:27,0
DA:29,0
DA:30,0
DA:31,0
DA:32,0
DA:35,0
DA:36,0
DA:37,0
DA:38,0
DA:39,0
LF:12
LH:2
end_of_record
SF:lib\utils.dart
DA:10,1
DA:11,3
DA:13,1
DA:14,3
DA:16,2
DA:17,0
DA:28,1
DA:33,3
DA:34,1
DA:41,0
DA:42,0
DA:44,1
DA:45,3
DA:48,1
DA:50,2
DA:51,2
DA:53,1
DA:55,2
DA:56,3
DA:58,3
DA:69,1
DA:70,1
DA:74,1
DA:82,2
DA:83,4
DA:85,1
DA:86,0
DA:90,3
DA:91,1
DA:95,3
DA:96,1
DA:106,1
DA:112,3
DA:118,1
DA:119,1
DA:120,1
DA:122,2
DA:123,2
DA:125,0
DA:127,0
DA:129,2
DA:137,0
DA:146,0
DA:151,0
DA:153,0
DA:154,0
DA:156,0
DA:157,0
DA:158,0
DA:159,0
DA:162,0
DA:166,0
DA:167,0
LF:53
LH:35
end_of_record
SF:lib\word_marker.dart
DA:1,4
DA:7,5
DA:12,1
DA:14,3
LF:4
LH:4
end_of_record
